20250518-08:21:13.145 : Created session
20250518-08:21:13.152 : Connecting to 127.0.0.1 on port 9877
20250518-08:21:13.176 : Connection succeeded
20250518-08:21:13.182 : Session reset: ResetOnLogon
20250518-08:21:13.191 : Session reset: ResetSeqNumFlag
20250518-08:21:13.199 : Initiated logon request
20250518-08:21:13.229 : Received logon
20250518-08:35:48.670 : Created session
20250518-08:35:48.683 : Connecting to 127.0.0.1 on port 9877
20250518-08:35:48.701 : Connection succeeded
20250518-08:35:48.709 : Session reset: ResetOnLogon
20250518-08:35:48.720 : Session reset: ResetSeqNumFlag
20250518-08:35:48.728 : Initiated logon request
20250518-08:35:48.758 : Received logon
20250518-09:03:47.618 : Created session
20250518-09:03:47.631 : Connecting to 127.0.0.1 on port 9877
20250518-09:03:47.663 : Connection succeeded
20250518-09:03:47.670 : Session reset: ResetOnLogon
20250518-09:03:47.680 : Session reset: ResetSeqNumFlag
20250518-09:03:47.689 : Initiated logon request
20250518-09:03:47.724 : Received logon
20250518-09:05:18.243 : Session FIX.4.4:CLIENT1->SERVER1 disconnecting: System.Net.Sockets.SocketException (10054): An existing connection was forcibly closed by the remote host.
   at QuickFix.SocketInitiatorThread.ReadSome(Byte[] buffer, Int32 timeoutMilliseconds)
   at QuickFix.SocketInitiatorThread.Read()
20250518-09:21:59.968 : Created session
20250518-09:21:59.983 : Connecting to 127.0.0.1 on port 9877
20250518-09:21:59.999 : Connection succeeded
20250518-09:22:00.006 : Session reset: ResetOnLogon
20250518-09:22:00.014 : Session reset: ResetSeqNumFlag
20250518-09:22:00.021 : Initiated logon request
20250518-09:22:00.054 : Received logon
20250518-09:24:50.238 : Session FIX.4.4:CLIENT1->SERVER1 disconnecting: System.Net.Sockets.SocketException (10054): An existing connection was forcibly closed by the remote host.
   at QuickFix.SocketInitiatorThread.ReadSome(Byte[] buffer, Int32 timeoutMilliseconds)
   at QuickFix.SocketInitiatorThread.Read()
20250518-09:28:16.547 : Created session
20250518-09:28:16.561 : Connecting to 127.0.0.1 on port 9877
20250518-09:28:16.578 : Connection succeeded
20250518-09:28:16.585 : Session reset: ResetOnLogon
20250518-09:28:16.592 : Session reset: ResetSeqNumFlag
20250518-09:28:16.601 : Initiated logon request
20250518-09:28:16.632 : Received logon
20250518-09:38:11.461 : Session FIX.4.4:CLIENT1->SERVER1 disconnecting: System.Net.Sockets.SocketException (10054): An existing connection was forcibly closed by the remote host.
   at QuickFix.SocketInitiatorThread.ReadSome(Byte[] buffer, Int32 timeoutMilliseconds)
   at QuickFix.SocketInitiatorThread.Read()
20250518-09:38:22.421 : Connecting to 127.0.0.1 on port 9877
20250518-09:38:24.455 : Connection failed: System.Net.Sockets.SocketException (10061): No connection could be made because the target machine actively refused it. 127.0.0.1:9877
   at System.Net.Sockets.Socket.DoConnect(EndPoint endPointSnapshot, SocketAddress socketAddress)
   at System.Net.Sockets.Socket.Connect(EndPoint remoteEP)
   at QuickFix.Transport.StreamFactory.CreateClientStream(IPEndPoint endpoint, SocketSettings settings, NonSessionLog nonSessionLog)
   at QuickFix.SocketInitiatorThread.SetupStream()
   at QuickFix.SocketInitiatorThread.Connect()
   at QuickFix.Transport.SocketInitiator.SocketInitiatorThreadStart(Object socketInitiatorThread)
20250518-09:49:53.460 : Created session
20250518-09:49:53.473 : Connecting to 127.0.0.1 on port 9877
20250518-09:49:53.489 : Connection succeeded
20250518-09:49:53.496 : Session reset: ResetOnLogon
20250518-09:49:53.505 : Session reset: ResetSeqNumFlag
20250518-09:49:53.513 : Initiated logon request
20250518-09:49:53.548 : Received logon
